# JRE version: OpenJDK Runtime Environment (11.0.8+10) (build 11.0.8+10-b944.6842174)
# Java VM: OpenJDK 64-Bit Server VM (11.0.8+10-b944.6842174, mixed mode, tiered, compressed oops, g1 gc, windows-amd64)
Heap:
 garbage-first heap   total 463872K, used 379668K [0x0000000080000000, 0x0000000100000000)
  region size 1024K, 222 young (227328K), 19 survivors (19456K)
 Metaspace       used 105677K, capacity 108194K, committed 108236K, reserved 1142784K
  class space    used 13125K, capacity 14040K, committed 14080K, reserved 1048576K
GC Heap History (20 events):
Event: 44.015 GC heap before
{Heap before GC invocations=47 (full 0):
 garbage-first heap   total 328704K, used 280339K [0x0000000080000000, 0x0000000100000000)
  region size 1024K, 147 young (150528K), 10 survivors (10240K)
 Metaspace       used 105208K, capacity 107703K, committed 107980K, reserved 1142784K
  class space    used 13113K, capacity 14028K, committed 14080K, reserved 1048576K
}
Event: 44.047 GC heap after
{Heap after GC invocations=48 (full 0):
 garbage-first heap   total 395264K, used 148724K [0x0000000080000000, 0x0000000100000000)
  region size 1024K, 19 young (19456K), 19 survivors (19456K)
 Metaspace       used 105208K, capacity 107703K, committed 107980K, reserved 1142784K
  class space    used 13113K, capacity 14028K, committed 14080K, reserved 1048576K
}
Event: 45.771 GC heap before
{Heap before GC invocations=48 (full 0):
 garbage-first heap   total 395264K, used 305396K [0x0000000080000000, 0x0000000100000000)
  region size 1024K, 172 young (176128K), 19 survivors (19456K)
 Metaspace       used 105325K, capacity 107784K, committed 107980K, reserved 1142784K
  class space    used 13113K, capacity 14028K, committed 14080K, reserved 1048576K
}
Event: 45.814 GC heap after
{Heap after GC invocations=49 (full 0):
 garbage-first heap   total 395264K, used 147451K [0x0000000080000000, 0x0000000100000000)
  region size 1024K, 10 young (10240K), 10 survivors (10240K)
 Metaspace       used 105325K, capacity 107784K, committed 107980K, reserved 1142784K
  class space    used 13113K, capacity 14028K, committed 14080K, reserved 1048576K
}
Event: 46.607 GC heap before
{Heap before GC invocations=49 (full 0):
 garbage-first heap   total 395264K, used 337915K [0x0000000080000000, 0x0000000100000000)
  region size 1024K, 195 young (199680K), 10 survivors (10240K)
 Metaspace       used 105453K, capacity 107968K, committed 108236K, reserved 1142784K
  class space    used 13117K, capacity 14035K, committed 14080K, reserved 1048576K
}
Event: 46.629 GC heap after
{Heap after GC invocations=50 (full 0):
 garbage-first heap   total 395264K, used 152571K [0x0000000080000000, 0x0000000100000000)
  region size 1024K, 15 young (15360K), 15 survivors (15360K)
 Metaspace       used 105453K, capacity 107968K, committed 108236K, reserved 1142784K
  class space    used 13117K, capacity 14035K, committed 14080K, reserved 1048576K
}
Event: 47.373 GC heap before
{Heap before GC invocations=50 (full 0):
 garbage-first heap   total 395264K, used 328699K [0x0000000080000000, 0x0000000100000000)
  region size 1024K, 187 young (191488K), 15 survivors (15360K)
 Metaspace       used 105516K, capacity 107971K, committed 108236K, reserved 1142784K
  class space    used 13119K, capacity 14035K, committed 14080K, reserved 1048576K
}
Event: 47.400 GC heap after
{Heap after GC invocations=51 (full 0):
 garbage-first heap   total 395264K, used 156136K [0x0000000080000000, 0x0000000100000000)
  region size 1024K, 16 young (16384K), 16 survivors (16384K)
 Metaspace       used 105516K, capacity 107971K, committed 108236K, reserved 1142784K
  class space    used 13119K, capacity 14035K, committed 14080K, reserved 1048576K
}
Event: 48.088 GC heap before
{Heap before GC invocations=51 (full 0):
 garbage-first heap   total 395264K, used 329192K [0x0000000080000000, 0x0000000100000000)
  region size 1024K, 185 young (189440K), 16 survivors (16384K)
 Metaspace       used 105553K, capacity 108049K, committed 108236K, reserved 1142784K
  class space    used 13120K, capacity 14037K, committed 14080K, reserved 1048576K
}
Event: 48.122 GC heap after
{Heap after GC invocations=52 (full 0):
 garbage-first heap   total 463872K, used 161003K [0x0000000080000000, 0x0000000100000000)
  region size 1024K, 18 young (18432K), 18 survivors (18432K)
 Metaspace       used 105553K, capacity 108049K, committed 108236K, reserved 1142784K
  class space    used 13120K, capacity 14037K, committed 14080K, reserved 1048576K
}
Event: 49.691 GC heap before
{Heap before GC invocations=52 (full 0):
 garbage-first heap   total 463872K, used 378091K [0x0000000080000000, 0x0000000100000000)
  region size 1024K, 230 young (235520K), 18 survivors (18432K)
 Metaspace       used 105578K, capacity 108056K, committed 108236K, reserved 1142784K
  class space    used 13122K, capacity 14039K, committed 14080K, reserved 1048576K
}
Event: 49.712 GC heap after
{Heap after GC invocations=53 (full 0):
 garbage-first heap   total 463872K, used 157291K [0x0000000080000000, 0x0000000100000000)
  region size 1024K, 13 young (13312K), 13 survivors (13312K)
 Metaspace       used 105578K, capacity 108056K, committed 108236K, reserved 1142784K
  class space    used 13122K, capacity 14039K, committed 14080K, reserved 1048576K
}
Event: 50.687 GC heap before
{Heap before GC invocations=53 (full 0):
 garbage-first heap   total 463872K, used 384619K [0x0000000080000000, 0x0000000100000000)
  region size 1024K, 235 young (240640K), 13 survivors (13312K)
 Metaspace       used 105602K, capacity 108122K, committed 108236K, reserved 1142784K
  class space    used 13125K, capacity 14039K, committed 14080K, reserved 1048576K
}
Event: 50.705 GC heap after
{Heap after GC invocations=54 (full 0):
 garbage-first heap   total 463872K, used 156779K [0x0000000080000000, 0x0000000100000000)
  region size 1024K, 12 young (12288K), 12 survivors (12288K)
 Metaspace       used 105602K, capacity 108122K, committed 108236K, reserved 1142784K
  class space    used 13125K, capacity 14039K, committed 14080K, reserved 1048576K
}
Event: 51.701 GC heap before
{Heap before GC invocations=54 (full 0):
 garbage-first heap   total 463872K, used 381035K [0x0000000080000000, 0x0000000100000000)
  region size 1024K, 231 young (236544K), 12 survivors (12288K)
 Metaspace       used 105626K, capacity 108124K, committed 108236K, reserved 1142784K
  class space    used 13125K, capacity 14039K, committed 14080K, reserved 1048576K
}
Event: 51.722 GC heap after
{Heap after GC invocations=55 (full 0):
 garbage-first heap   total 463872K, used 159339K [0x0000000080000000, 0x0000000100000000)
  region size 1024K, 15 young (15360K), 15 survivors (15360K)
 Metaspace       used 105626K, capacity 108124K, committed 108236K, reserved 1142784K
  class space    used 13125K, capacity 14039K, committed 14080K, reserved 1048576K
}
Event: 53.011 GC heap before
{Heap before GC invocations=55 (full 0):
 garbage-first heap   total 463872K, used 386667K [0x0000000080000000, 0x0000000100000000)
  region size 1024K, 236 young (241664K), 15 survivors (15360K)
 Metaspace       used 105662K, capacity 108194K, committed 108236K, reserved 1142784K
  class space    used 13125K, capacity 14040K, committed 14080K, reserved 1048576K
}
Event: 53.038 GC heap after
{Heap after GC invocations=56 (full 0):
 garbage-first heap   total 463872K, used 166507K [0x0000000080000000, 0x0000000100000000)
  region size 1024K, 22 young (22528K), 22 survivors (22528K)
 Metaspace       used 105662K, capacity 108194K, committed 108236K, reserved 1142784K
  class space    used 13125K, capacity 14040K, committed 14080K, reserved 1048576K
}
Event: 54.046 GC heap before
{Heap before GC invocations=56 (full 0):
 garbage-first heap   total 463872K, used 386667K [0x0000000080000000, 0x0000000100000000)
  region size 1024K, 237 young (242688K), 22 survivors (22528K)
 Metaspace       used 105670K, capacity 108194K, committed 108236K, reserved 1142784K
  class space    used 13125K, capacity 14040K, committed 14080K, reserved 1048576K
}
Event: 54.104 GC heap after
{Heap after GC invocations=57 (full 0):
 garbage-first heap   total 463872K, used 171796K [0x0000000080000000, 0x0000000100000000)
  region size 1024K, 19 young (19456K), 19 survivors (19456K)
 Metaspace       used 105670K, capacity 108194K, committed 108236K, reserved 1142784K
  class space    used 13125K, capacity 14040K, committed 14080K, reserved 1048576K
}

